<?xml version="1.0" encoding="UTF-8"?>
<!-- Generated by org.testng.reporters.JUnitReportReporter -->
<testsuite hostname="LaptopThu" failures="0" tests="3" name="webdriver.Topic_16_Wait_Element_FindElemt_ImplicitWait" time="12.886" errors="0" timestamp="05 Jun 2022 15:09:19 GMT" skipped="0">
  <testcase classname="webdriver.Topic_16_Wait_Element_FindElemt_ImplicitWait" name="TC03_Implicit_Wait" time="9.666"/>
  <testcase classname="webdriver.Topic_16_Wait_Element_FindElemt_ImplicitWait" name="TC01_Find_Element" time="3.220"/>
  <testcase classname="webdriver.Topic_16_Wait_Element_FindElemt_ImplicitWait" name="TC02_Find_Elements" time="0.000"/>
</testsuite> <!-- webdriver.Topic_16_Wait_Element_FindElemt_ImplicitWait -->
