<?xml version="1.0" encoding="UTF-8"?>
<!-- Generated by org.testng.reporters.JUnitReportReporter -->
<testsuite hostname="LaptopThu" failures="0" tests="1" name="webdriver.Topic_10_Action" time="4.066" errors="0" timestamp="29 May 2022 08:58:21 GMT" skipped="0">
  <testcase classname="webdriver.Topic_10_Action" name="TC09_Drag_Drop_HTML5_Xpath" time="4.066"/>
</testsuite> <!-- webdriver.Topic_10_Action -->
