<?xml version="1.0" encoding="UTF-8"?>
<!-- Generated by org.testng.reporters.JUnitReportReporter -->
<testsuite hostname="LaptopThu" failures="0" tests="1" name="webdriver.Topic_09_Alert" time="10.249" errors="0" timestamp="28 May 2022 08:08:25 GMT" skipped="0">
  <testcase classname="webdriver.Topic_09_Alert" name="TC06_Authentication_Alert_AutoIT" time="10.249"/>
</testsuite> <!-- webdriver.Topic_09_Alert -->
