<?xml version="1.0" encoding="UTF-8"?>
<!-- Generated by org.testng.reporters.JUnitReportReporter -->
<testsuite hostname="LaptopThu" failures="0" tests="1" name="webdriver.Topic_12_Iframe_Frame" time="4.537" errors="0" timestamp="30 May 2022 15:46:30 GMT" skipped="0">
  <testcase classname="webdriver.Topic_12_Iframe_Frame" name="TC_02_Frame" time="4.537"/>
</testsuite> <!-- webdriver.Topic_12_Iframe_Frame -->
