<?xml version="1.0" encoding="UTF-8"?>
<!-- Generated by org.testng.reporters.JUnitReportReporter -->
<testsuite hostname="LaptopThu" failures="0" tests="1" name="webdriver.Topic_13_Tab_Window" time="6.032" errors="0" timestamp="31 May 2022 16:14:06 GMT" skipped="0">
  <testcase classname="webdriver.Topic_13_Tab_Window" name="TC02_Tab_Naukri_ByID" time="6.032"/>
</testsuite> <!-- webdriver.Topic_13_Tab_Window -->
