<?xml version="1.0" encoding="UTF-8"?>
<!-- Generated by org.testng.reporters.JUnitReportReporter -->
<testsuite hostname="LaptopThu" failures="0" tests="1" name="webdriver.Topic_13_JavascriptExecutor" time="45.234" errors="0" timestamp="02 Jun 2022 14:28:30 GMT" skipped="0">
  <testcase classname="webdriver.Topic_13_JavascriptExecutor" name="TC02_Html5_Validation_Message" time="45.234"/>
</testsuite> <!-- webdriver.Topic_13_JavascriptExecutor -->
