<?xml version="1.0" encoding="UTF-8"?>
<!-- Generated by org.testng.reporters.JUnitReportReporter -->
<testsuite hostname="LaptopThu" failures="0" tests="2" name="webdriver.Topic_07_Default_Dropdown" time="16.653" errors="0" timestamp="19 May 2022 16:38:15 GMT" skipped="0">
  <testcase classname="webdriver.Topic_07_Default_Dropdown" name="TC01_Rode" time="12.023"/>
  <testcase classname="webdriver.Topic_07_Default_Dropdown" name="TC02_NopCommerce" time="4.630"/>
</testsuite> <!-- webdriver.Topic_07_Default_Dropdown -->
