<?xml version="1.0" encoding="UTF-8"?>
<!-- Generated by org.testng.reporters.JUnitReportReporter -->
<testsuite hostname="LaptopThu" failures="0" tests="1" name="webdriver.Topic_14_Upload_File" time="9.897" errors="0" timestamp="03 Jun 2022 16:27:18 GMT" skipped="0">
  <testcase classname="webdriver.Topic_14_Upload_File" name="TC02_Multiple_File_One_Time" time="9.897"/>
</testsuite> <!-- webdriver.Topic_14_Upload_File -->
