<?xml version="1.0" encoding="UTF-8"?>
<!-- Generated by org.testng.reporters.JUnitReportReporter -->
<testsuite hostname="LaptopThu" failures="0" tests="1" name="webdriver.Topic_11_Popup" time="36.978" errors="0" timestamp="30 May 2022 15:15:08 GMT" skipped="0">
  <testcase classname="webdriver.Topic_11_Popup" name="TC01_Iframe" time="36.978"/>
</testsuite> <!-- webdriver.Topic_11_Popup -->
