<?xml version="1.0" encoding="UTF-8"?>
<!-- Generated by org.testng.reporters.JUnitReportReporter -->
<testsuite hostname="LaptopThu" failures="0" tests="6" name="webdriver.Topic_04_Xpath_Part_II" time="7.248" errors="0" timestamp="11 Apr 2022 03:53:06 GMT" skipped="0">
  <testcase classname="webdriver.Topic_04_Xpath_Part_II" name="Register_01_Empty_Data" time="1.949"/>
  <testcase classname="webdriver.Topic_04_Xpath_Part_II" name="Register_03_Incorrect_Confirm_Email" time="0.761"/>
  <testcase classname="webdriver.Topic_04_Xpath_Part_II" name="Register_05_Incorrect_Confirm_Password" time="1.166"/>
  <testcase classname="webdriver.Topic_04_Xpath_Part_II" name="Register_02_Invalid_Email" time="0.474"/>
  <testcase classname="webdriver.Topic_04_Xpath_Part_II" name="Register_04_Password_Less_Than_6_Chars" time="1.401"/>
  <testcase classname="webdriver.Topic_04_Xpath_Part_II" name="Register_06_Incorrect_Phone" time="1.497"/>
</testsuite> <!-- webdriver.Topic_04_Xpath_Part_II -->
