<?xml version="1.0" encoding="UTF-8"?>
<!-- Generated by org.testng.reporters.JUnitReportReporter -->
<testsuite hostname="LaptopThu" failures="0" tests="1" name="webdriver.Topic_08_Custom_Radio_Checkbox2" time="5.113" errors="0" timestamp="26 May 2022 16:14:20 GMT" skipped="0">
  <testcase classname="webdriver.Topic_08_Custom_Radio_Checkbox2" name="TC03_googledoc" time="5.113"/>
</testsuite> <!-- webdriver.Topic_08_Custom_Radio_Checkbox2 -->
