<?xml version="1.0" encoding="UTF-8"?>
<!-- Generated by org.testng.reporters.JUnitReportReporter -->
<testsuite hostname="LaptopThu" failures="0" tests="6" name="webdriver.Topic_04_Xpath_Part_II" time="8.459" errors="0" timestamp="27 Apr 2022 17:08:31 GMT" skipped="0">
  <testcase classname="webdriver.Topic_04_Xpath_Part_II" name="Register_05_Incorrect_Confirm_Password" time="1.268"/>
  <testcase classname="webdriver.Topic_04_Xpath_Part_II" name="Register_01_Empty_Data" time="0.995"/>
  <testcase classname="webdriver.Topic_04_Xpath_Part_II" name="Register_02_Invalid_Email" time="2.422"/>
  <testcase classname="webdriver.Topic_04_Xpath_Part_II" name="Register_03_Incorrect_Confirm_Email" time="0.913"/>
  <testcase classname="webdriver.Topic_04_Xpath_Part_II" name="Register_06_Incorrect_Phone" time="1.612"/>
  <testcase classname="webdriver.Topic_04_Xpath_Part_II" name="Register_04_Password_Less_Than_6_Chars" time="1.249"/>
</testsuite> <!-- webdriver.Topic_04_Xpath_Part_II -->
