<?xml version="1.0" encoding="UTF-8"?>
<!-- Generated by org.testng.reporters.JUnitReportReporter -->
<testsuite hostname="LaptopThu" failures="0" tests="1" name="webdriver.Topic_06_Textbox_TextArea" time="24.327" errors="0" timestamp="01 May 2022 15:27:16 GMT" skipped="0">
  <testcase classname="webdriver.Topic_06_Textbox_TextArea" name="TC01_Add_Employee" time="24.327"/>
</testsuite> <!-- webdriver.Topic_06_Textbox_TextArea -->
