<?xml version="1.0" encoding="UTF-8"?>
<!-- Generated by org.testng.reporters.JUnitReportReporter -->
<testsuite hostname="LaptopThu" failures="0" tests="1" name="webdriver.Topic_17_Wait_Static_Explicit" time="7.559" errors="0" timestamp="06 Jun 2022 14:37:53 GMT" skipped="0">
  <testcase classname="webdriver.Topic_17_Wait_Static_Explicit" name="TC04_UploadFile" time="7.559"/>
</testsuite> <!-- webdriver.Topic_17_Wait_Static_Explicit -->
