<?xml version="1.0" encoding="UTF-8"?>
<!-- Generated by org.testng.reporters.JUnitReportReporter -->
<testsuite hostname="LaptopThu" failures="0" tests="1" name="webdriver.Topic_18_Wait_Mix_Implicit_Explicit" time="23.658" errors="0" timestamp="07 Jun 2022 14:58:27 GMT" skipped="0">
  <testcase classname="webdriver.Topic_18_Wait_Mix_Implicit_Explicit" name="TC02_Element_Not_Found_Mix" time="23.658"/>
</testsuite> <!-- webdriver.Topic_18_Wait_Mix_Implicit_Explicit -->
