<?xml version="1.0" encoding="UTF-8"?>
<!-- Generated by org.testng.reporters.JUnitReportReporter -->
<testsuite hostname="LaptopThu" failures="0" tests="3" name="webdriver.Topic_02_Selenium_Locator" time="0.360" errors="0" timestamp="13 Mar 2022 16:48:40 GMT" skipped="0">
  <testcase classname="webdriver.Topic_02_Selenium_Locator" name="TC_02_ValidatePageTitle" time="0.000"/>
  <testcase classname="webdriver.Topic_02_Selenium_Locator" name="TC_03_LoginFormDisplayed" time="0.000"/>
  <testcase classname="webdriver.Topic_02_Selenium_Locator" name="TC_01_ValidateCurrentUrl" time="0.360"/>
</testsuite> <!-- webdriver.Topic_02_Selenium_Locator -->
