<?xml version="1.0" encoding="UTF-8"?>
<!-- Generated by org.testng.reporters.JUnitReportReporter -->
<testsuite hostname="LaptopThu" failures="0" tests="4" name="webdriver.Topic_05_WebBrowser_Excercise" time="15.272" errors="0" timestamp="17 Apr 2022 14:44:13 GMT" skipped="0">
  <testcase classname="webdriver.Topic_05_WebBrowser_Excercise" name="TC_02_ValidatePageTitle" time="2.508"/>
  <testcase classname="webdriver.Topic_05_WebBrowser_Excercise" name="TC_04_Source" time="2.992"/>
  <testcase classname="webdriver.Topic_05_WebBrowser_Excercise" name="TC_01_Url" time="5.496"/>
  <testcase classname="webdriver.Topic_05_WebBrowser_Excercise" name="TC_03_Navigation" time="4.276"/>
</testsuite> <!-- webdriver.Topic_05_WebBrowser_Excercise -->
