<?xml version="1.0" encoding="UTF-8"?>
<!-- Generated by org.testng.reporters.JUnitReportReporter -->
<testsuite hostname="LaptopThu" failures="0" tests="6" name="webdriver.Topic_04_Xpath_Exercise_Login" time="24.250" errors="0" timestamp="01 May 2022 09:05:27 GMT" skipped="0">
  <testcase classname="webdriver.Topic_04_Xpath_Exercise_Login" name="Login_04_Invalid_Email_Or_Password" time="2.933"/>
  <testcase classname="webdriver.Topic_04_Xpath_Exercise_Login" name="Login_02_Invalid_Email" time="1.723"/>
  <testcase classname="webdriver.Topic_04_Xpath_Exercise_Login" name="Login_05_Create_New_Account" time="13.359"/>
  <testcase classname="webdriver.Topic_04_Xpath_Exercise_Login" name="Login_06_Valid_Data" time="2.795"/>
  <testcase classname="webdriver.Topic_04_Xpath_Exercise_Login" name="Login_01_Empty_Data" time="1.754"/>
  <testcase classname="webdriver.Topic_04_Xpath_Exercise_Login" name="Login_03_Incorrect_Password" time="1.686"/>
</testsuite> <!-- webdriver.Topic_04_Xpath_Exercise_Login -->
